<?xml version="1.0" encoding="utf-8"?><testsuites name="pytest tests"><testsuite name="pytest" errors="0" failures="1" skipped="0" tests="12" time="3.304" timestamp="2026-05-12T20:10:29.813647+00:00" hostname="agent-env-b6f0d540-5774-4f2b-a7ae-a584ec383fea"><testcase classname="backend.tests.test_subscription" name="test_bootstrap_register" time="0.538" /><testcase classname="backend.tests.test_subscription" name="test_plans_returns_three_with_gbp_prices" time="0.072" /><testcase classname="backend.tests.test_subscription" name="test_status_inactive_for_new_user" time="0.082" /><testcase classname="backend.tests.test_subscription" name="test_status_requires_auth" time="0.071" /><testcase classname="backend.tests.test_subscription" name="test_checkout_monthly_creates_session_and_payment_record" time="0.603" /><testcase classname="backend.tests.test_subscription" name="test_checkout_invalid_plan" time="0.091" /><testcase classname="backend.tests.test_subscription" name="test_checkout_requires_auth" time="0.152" /><testcase classname="backend.tests.test_subscription" name="test_poll_pending_session_no_grant" time="0.308"><failure message="AssertionError: {&quot;detail&quot;:&quot;Session not found: Request req_JOyBt1mp6vodvt: No such checkout.session: cs_test_a1T6kiZ0uQ9rHf9NWOvVnjcAeVePwm6Zo1m6wXxkFN2Cj5zFLJCY5seIGK&quot;}&#10;assert 404 == 200&#10; +  where 404 = &lt;Response [404]&gt;.status_code">backend/tests/test_subscription.py:103: in test_poll_pending_session_no_grant
    assert r.status_code == 200, r.text
E   AssertionError: {"detail":"Session not found: Request req_JOyBt1mp6vodvt: No such checkout.session: cs_test_a1T6kiZ0uQ9rHf9NWOvVnjcAeVePwm6Zo1m6wXxkFN2Cj5zFLJCY5seIGK"}
E   assert 404 == 200
E    +  where 404 = &lt;Response [404]&gt;.status_code</failure></testcase><testcase classname="backend.tests.test_subscription" name="test_poll_unknown_session_returns_404" time="0.235" /><testcase classname="backend.tests.test_subscription" name="test_checkout_yearly" time="0.475" /><testcase classname="backend.tests.test_subscription" name="test_checkout_sixmonths" time="0.510" /><testcase classname="backend.tests.test_subscription" name="test_status_still_inactive_after_pending_checkouts" time="0.076" /></testsuite></testsuites>