<?xml version="1.0" encoding="utf-8"?><testsuites name="pytest tests"><testsuite name="pytest" errors="0" failures="0" skipped="0" tests="11" time="2.793" timestamp="2026-05-13T13:13:39.011753+00:00" hostname="agent-env-b6f0d540-5774-4f2b-a7ae-a584ec383fea"><testcase classname="backend.tests.test_iter5_autorenew" name="test_bootstrap_register" time="0.460" /><testcase classname="backend.tests.test_iter5_autorenew" name="test_plans_recurring_flags" time="0.053" /><testcase classname="backend.tests.test_iter5_autorenew" name="test_checkout_monthly_recurring" time="0.808" /><testcase classname="backend.tests.test_iter5_autorenew" name="test_checkout_sixmonths_oneoff" time="0.487" /><testcase classname="backend.tests.test_iter5_autorenew" name="test_checkout_yearly_oneoff" time="0.476" /><testcase classname="backend.tests.test_iter5_autorenew" name="test_cancel_returns_404_without_active_sub" time="0.055" /><testcase classname="backend.tests.test_iter5_autorenew" name="test_cancel_requires_auth" time="0.139" /><testcase classname="backend.tests.test_iter5_autorenew" name="test_status_exposes_autorenew_fields" time="0.068" /><testcase classname="backend.tests.test_iter5_autorenew" name="test_paywall_workouts_today_402" time="0.059" /><testcase classname="backend.tests.test_iter5_autorenew" name="test_paywall_meals_plans_402" time="0.056" /><testcase classname="backend.tests.test_iter5_autorenew" name="test_paywall_chat_402" time="0.054" /></testsuite></testsuites>