<?xml version="1.0" encoding="utf-8"?><testsuites name="pytest tests"><testsuite name="pytest" errors="0" failures="0" skipped="1" tests="32" time="16.861" timestamp="2026-05-12T20:11:37.732495+00:00" hostname="agent-env-b6f0d540-5774-4f2b-a7ae-a584ec383fea"><testcase classname="backend.tests.backend_test" name="test_register" time="0.518" /><testcase classname="backend.tests.backend_test" name="test_register_duplicate" time="0.082" /><testcase classname="backend.tests.backend_test" name="test_login" time="0.361" /><testcase classname="backend.tests.backend_test" name="test_login_bad" time="0.313" /><testcase classname="backend.tests.backend_test" name="test_me" time="0.093" /><testcase classname="backend.tests.backend_test" name="test_me_unauth" time="0.109" /><testcase classname="backend.tests.backend_test" name="test_calories_before_profile" time="0.085" /><testcase classname="backend.tests.backend_test" name="test_profile_update_with_new_fields" time="0.088" /><testcase classname="backend.tests.backend_test" name="test_profile_invalid_difficulty" time="0.080" /><testcase classname="backend.tests.backend_test" name="test_calories_includes_bmi" time="0.082" /><testcase classname="backend.tests.backend_test" name="test_workouts_today_hard" time="0.085" /><testcase classname="backend.tests.backend_test" name="test_workouts_today_easy_scales_down" time="0.218" /><testcase classname="backend.tests.backend_test" name="test_workouts_today_crazy_scales_up" time="0.175" /><testcase classname="backend.tests.backend_test" name="test_workout_complete_and_dedupe" time="0.187" /><testcase classname="backend.tests.backend_test" name="test_rate_workout" time="0.090" /><testcase classname="backend.tests.backend_test" name="test_rate_workout_invalid_rating" time="0.125" /><testcase classname="backend.tests.backend_test" name="test_meal_plans" time="0.084" /><testcase classname="backend.tests.backend_test" name="test_log_weight_and_get" time="0.521" /><testcase classname="backend.tests.backend_test" name="test_weekly_progress" time="0.083" /><testcase classname="backend.tests.backend_test" name="test_chat_and_history" time="3.240" /><testcase classname="backend.tests.test_subscription" name="test_bootstrap_register" time="0.380" /><testcase classname="backend.tests.test_subscription" name="test_plans_returns_three_with_gbp_prices" time="0.064" /><testcase classname="backend.tests.test_subscription" name="test_status_inactive_for_new_user" time="0.067" /><testcase classname="backend.tests.test_subscription" name="test_status_requires_auth" time="0.062" /><testcase classname="backend.tests.test_subscription" name="test_checkout_monthly_creates_session_and_payment_record" time="0.600" /><testcase classname="backend.tests.test_subscription" name="test_checkout_invalid_plan" time="0.062" /><testcase classname="backend.tests.test_subscription" name="test_checkout_requires_auth" time="0.121" /><testcase classname="backend.tests.test_subscription" name="test_poll_pending_session_no_grant" time="7.572"><skipped type="pytest.skip" message="Emergent Stripe proxy flake (6 retries all 404): {&quot;detail&quot;:&quot;Session not found: Request req_cBmExESvLNvKvX: No such checkout.session: cs_test_a1xAapak1oZc3PaVILmxRj0w3DPSm9xTQtJ3OnnlBMpdAnoGzE4uz4CyzW&quot;}">/app/backend/tests/test_subscription.py:118: Emergent Stripe proxy flake (6 retries all 404): {"detail":"Session not found: Request req_cBmExESvLNvKvX: No such checkout.session: cs_test_a1xAapak1oZc3PaVILmxRj0w3DPSm9xTQtJ3OnnlBMpdAnoGzE4uz4CyzW"}</skipped></testcase><testcase classname="backend.tests.test_subscription" name="test_poll_unknown_session_returns_404" time="0.260" /><testcase classname="backend.tests.test_subscription" name="test_checkout_yearly" time="0.465" /><testcase classname="backend.tests.test_subscription" name="test_checkout_sixmonths" time="0.421" /><testcase classname="backend.tests.test_subscription" name="test_status_still_inactive_after_pending_checkouts" time="0.061" /></testsuite></testsuites>