<?xml version="1.0" encoding="utf-8"?><testsuites name="pytest tests"><testsuite name="pytest" errors="0" failures="0" skipped="0" tests="17" time="2.105" timestamp="2026-05-13T12:45:54.394657+00:00" hostname="agent-env-b6f0d540-5774-4f2b-a7ae-a584ec383fea"><testcase classname="backend.tests.test_paywall_iter4" name="test_register_fresh" time="0.527" /><testcase classname="backend.tests.test_paywall_iter4" name="test_complete_profile" time="0.061" /><testcase classname="backend.tests.test_paywall_iter4" name="test_workouts_today_402" time="0.057" /><testcase classname="backend.tests.test_paywall_iter4" name="test_workouts_complete_402" time="0.068" /><testcase classname="backend.tests.test_paywall_iter4" name="test_workouts_rate_402" time="0.060" /><testcase classname="backend.tests.test_paywall_iter4" name="test_meals_plans_402" time="0.066" /><testcase classname="backend.tests.test_paywall_iter4" name="test_chat_402" time="0.054" /><testcase classname="backend.tests.test_paywall_iter4" name="test_auth_me_200" time="0.055" /><testcase classname="backend.tests.test_paywall_iter4" name="test_calories_200" time="0.051" /><testcase classname="backend.tests.test_paywall_iter4" name="test_progress_weight_post_200" time="0.054" /><testcase classname="backend.tests.test_paywall_iter4" name="test_progress_weight_get_200" time="0.052" /><testcase classname="backend.tests.test_paywall_iter4" name="test_progress_weekly_200" time="0.051" /><testcase classname="backend.tests.test_paywall_iter4" name="test_profile_put_200" time="0.055" /><testcase classname="backend.tests.test_paywall_iter4" name="test_subscription_status_inactive_for_new_user" time="0.053" /><testcase classname="backend.tests.test_paywall_iter4" name="test_subscription_plans_200" time="0.050" /><testcase classname="backend.tests.test_paywall_iter4" name="test_subscription_checkout_creates_session" time="0.666" /><testcase classname="backend.tests.test_paywall_iter4" name="test_workouts_today_unauth_401" time="0.047" /></testsuite></testsuites>