<?xml version="1.0" encoding="utf-8"?><testsuites name="pytest tests"><testsuite name="pytest" errors="0" failures="0" skipped="0" tests="14" time="5.783" timestamp="2026-05-12T17:47:47.626272+00:00" hostname="agent-env-b6f0d540-5774-4f2b-a7ae-a584ec383fea"><testcase classname="backend.tests.backend_test" name="test_register" time="0.586" /><testcase classname="backend.tests.backend_test" name="test_register_duplicate" time="0.077" /><testcase classname="backend.tests.backend_test" name="test_login" time="0.297" /><testcase classname="backend.tests.backend_test" name="test_login_bad" time="0.310" /><testcase classname="backend.tests.backend_test" name="test_me" time="0.073" /><testcase classname="backend.tests.backend_test" name="test_me_unauth" time="0.071" /><testcase classname="backend.tests.backend_test" name="test_calories_before_profile" time="0.076" /><testcase classname="backend.tests.backend_test" name="test_profile_update" time="0.096" /><testcase classname="backend.tests.backend_test" name="test_calories" time="0.068" /><testcase classname="backend.tests.backend_test" name="test_workouts_today" time="0.072" /><testcase classname="backend.tests.backend_test" name="test_workout_complete_and_dedupe" time="0.146" /><testcase classname="backend.tests.backend_test" name="test_meal_plans" time="0.084" /><testcase classname="backend.tests.backend_test" name="test_log_weight_and_get" time="0.591" /><testcase classname="backend.tests.backend_test" name="test_chat_and_history" time="2.987" /></testsuite></testsuites>