<?xml version="1.0" encoding="utf-8"?><testsuites name="pytest tests"><testsuite name="pytest" errors="0" failures="0" skipped="0" tests="20" time="5.828" timestamp="2026-05-12T19:13:46.226998+00:00" hostname="agent-env-b6f0d540-5774-4f2b-a7ae-a584ec383fea"><testcase classname="backend.tests.backend_test" name="test_register" time="0.435" /><testcase classname="backend.tests.backend_test" name="test_register_duplicate" time="0.076" /><testcase classname="backend.tests.backend_test" name="test_login" time="0.323" /><testcase classname="backend.tests.backend_test" name="test_login_bad" time="0.297" /><testcase classname="backend.tests.backend_test" name="test_me" time="0.070" /><testcase classname="backend.tests.backend_test" name="test_me_unauth" time="0.073" /><testcase classname="backend.tests.backend_test" name="test_calories_before_profile" time="0.074" /><testcase classname="backend.tests.backend_test" name="test_profile_update_with_new_fields" time="0.072" /><testcase classname="backend.tests.backend_test" name="test_profile_invalid_difficulty" time="0.066" /><testcase classname="backend.tests.backend_test" name="test_calories_includes_bmi" time="0.074" /><testcase classname="backend.tests.backend_test" name="test_workouts_today_hard" time="0.071" /><testcase classname="backend.tests.backend_test" name="test_workouts_today_easy_scales_down" time="0.132" /><testcase classname="backend.tests.backend_test" name="test_workouts_today_crazy_scales_up" time="0.161" /><testcase classname="backend.tests.backend_test" name="test_workout_complete_and_dedupe" time="0.143" /><testcase classname="backend.tests.backend_test" name="test_rate_workout" time="0.071" /><testcase classname="backend.tests.backend_test" name="test_rate_workout_invalid_rating" time="0.070" /><testcase classname="backend.tests.backend_test" name="test_meal_plans" time="0.075" /><testcase classname="backend.tests.backend_test" name="test_log_weight_and_get" time="0.512" /><testcase classname="backend.tests.backend_test" name="test_weekly_progress" time="0.113" /><testcase classname="backend.tests.backend_test" name="test_chat_and_history" time="2.842" /></testsuite></testsuites>